<?xml version="1.0" encoding="UTF-8"?>
<!-- Generated by org.testng.reporters.JUnitReportReporter -->
<testsuite hostname="debian" failures="0" tests="2" name="test.TreciaUzd" time="21.589" errors="0" timestamp="2025-03-04T23:04:26 EET" skipped="0">
  <testcase classname="test.TreciaUzd" name="testPurchaseFromData1" time="10.410"/>
  <system-out/>
  <testcase classname="test.TreciaUzd" name="testPurchaseFromData2" time="11.179"/>
  <system-out/>
</testsuite> <!-- test.TreciaUzd -->
